<?xml version="1.0" encoding="UTF-8"?>
<robot generator="Robot 6.1.1 (Python 3.9.6 on darwin)" generated="20240610 00:08:30.683" rpa="false" schemaversion="4">
<suite id="s1" name="Filter Products" source="/Users/felipe.diniz/Documents/Github/qa-swagLabs/tests/filter_products.robot">
<test id="s1-t1" name="Scenario: Filter products by price" line="10">
<kw name="Before Tests" library="base_keywords" type="SETUP">
<kw name="Create Dictionary" library="BuiltIn">
<var>&amp;{appium_config_default}</var>
<arg>remote_url=${REMOTE_URL}</arg>
<arg>appium:noReset=${True}</arg>
<arg>appium:fullReset=${false}</arg>
<arg>appium:forceAppLaunch=true</arg>
<arg>platformName=${PLATFORM}</arg>
<doc>Creates and returns a dictionary based on the given ``items``.</doc>
<msg timestamp="20240610 00:08:30.781" level="INFO">&amp;{appium_config_default} = { remote_url=http://localhost:4723/wd/hub | appium:noReset=True | appium:fullReset=False | appium:forceAppLaunch=true | platformName=iOS }</msg>
<status status="PASS" starttime="20240610 00:08:30.781" endtime="20240610 00:08:30.781"/>
</kw>
<kw name="Set Global Variable" library="BuiltIn">
<arg>&amp;{appium_config_default}</arg>
<doc>Makes a variable available globally in all tests and suites.</doc>
<msg timestamp="20240610 00:08:30.782" level="INFO">&amp;{appium_config_default} = { remote_url=http://localhost:4723/wd/hub | appium:noReset=True | appium:fullReset=False | appium:forceAppLaunch=true | platformName=iOS }</msg>
<status status="PASS" starttime="20240610 00:08:30.782" endtime="20240610 00:08:30.782"/>
</kw>
<if>
<branch type="IF" condition="&quot;${PLATFORM}&quot;==&quot;Android&quot;">
<kw name="Create Dictionary" library="BuiltIn">
<var>&amp;{appium_config_android}</var>
<arg>appPackage=${APP_PACKAGE}</arg>
<arg>udid=${UDID_Android}</arg>
<arg>automationName=${AUTOMATION_NAME_ANDROID}</arg>
<arg>appActivity=${APP_PACKAGE}.MainActivity</arg>
<arg>useNewWDA=${False}</arg>
<arg>newCommandTimeout=100</arg>
<arg>autoGrantPermissions=${True}</arg>
<doc>Creates and returns a dictionary based on the given ``items``.</doc>
<status status="NOT RUN" starttime="20240610 00:08:30.782" endtime="20240610 00:08:30.782"/>
</kw>
<kw name="Create Dictionary" library="BuiltIn">
<var>&amp;{appium_config_default}</var>
<arg>&amp;{appium_config_default}</arg>
<arg>&amp;{appium_config_android}</arg>
<doc>Creates and returns a dictionary based on the given ``items``.</doc>
<status status="NOT RUN" starttime="20240610 00:08:30.782" endtime="20240610 00:08:30.782"/>
</kw>
<kw name="Set Global Variable" library="BuiltIn">
<arg>&amp;{appium_config_default}</arg>
<doc>Makes a variable available globally in all tests and suites.</doc>
<status status="NOT RUN" starttime="20240610 00:08:30.782" endtime="20240610 00:08:30.782"/>
</kw>
<status status="NOT RUN" starttime="20240610 00:08:30.782" endtime="20240610 00:08:30.782"/>
</branch>
<branch type="ELSE IF" condition="&quot;${PLATFORM}&quot;==&quot;iOS&quot;">
<kw name="Create Dictionary" library="BuiltIn">
<var>&amp;{appium_config_iOS}</var>
<arg>bundleId=${BUNDLE_ID}</arg>
<arg>udid=${UDID_iOS}</arg>
<arg>useNewWDA=${False}</arg>
<arg>automationName=${AUTOMATION_NAME_IOS}</arg>
<arg>appium:settings[snapshotMaxDepth]=${100}</arg>
<arg>autoGrantPermissions=${True}</arg>
<arg>newCommandTimeout=100</arg>
<arg>showXcodeLog=true</arg>
<doc>Creates and returns a dictionary based on the given ``items``.</doc>
<msg timestamp="20240610 00:08:30.783" level="INFO">&amp;{appium_config_iOS} = { bundleId=com.saucelabs.SwagLabsMobileApp | udid=CCB5450C-AB2F-44D5-8BA5-48D36746C0AD | useNewWDA=False | automationName=XCUITest | appium:settings[snapshotMaxDepth]=100 | autoGrantPermissions=True |...</msg>
<status status="PASS" starttime="20240610 00:08:30.782" endtime="20240610 00:08:30.783"/>
</kw>
<kw name="Create Dictionary" library="BuiltIn">
<var>&amp;{appium_config_default}</var>
<arg>&amp;{appium_config_default}</arg>
<arg>&amp;{appium_config_iOS}</arg>
<doc>Creates and returns a dictionary based on the given ``items``.</doc>
<msg timestamp="20240610 00:08:30.783" level="INFO">&amp;{appium_config_default} = { remote_url=http://localhost:4723/wd/hub | appium:noReset=True | appium:fullReset=False | appium:forceAppLaunch=true | platformName=iOS | bundleId=com.saucelabs.SwagLabsMobileApp | udid=CCB5450C-AB2F...</msg>
<status status="PASS" starttime="20240610 00:08:30.783" endtime="20240610 00:08:30.783"/>
</kw>
<kw name="Set Global Variable" library="BuiltIn">
<arg>&amp;{appium_config_default}</arg>
<doc>Makes a variable available globally in all tests and suites.</doc>
<msg timestamp="20240610 00:08:30.783" level="INFO">&amp;{appium_config_default} = { remote_url=http://localhost:4723/wd/hub | appium:noReset=True | appium:fullReset=False | appium:forceAppLaunch=true | platformName=iOS | bundleId=com.saucelabs.SwagLabsMobileApp | udid=CCB5450C-AB2F...</msg>
<status status="PASS" starttime="20240610 00:08:30.783" endtime="20240610 00:08:30.783"/>
</kw>
<status status="PASS" starttime="20240610 00:08:30.782" endtime="20240610 00:08:30.783"/>
</branch>
<branch type="ELSE">
<kw name="Fail" library="BuiltIn">
<arg>Invalid platform: ${PLATFORM}</arg>
<doc>Fails the test with the given message and optionally alters its tags.</doc>
<status status="NOT RUN" starttime="20240610 00:08:30.783" endtime="20240610 00:08:30.783"/>
</kw>
<status status="NOT RUN" starttime="20240610 00:08:30.783" endtime="20240610 00:08:30.783"/>
</branch>
<status status="PASS" starttime="20240610 00:08:30.782" endtime="20240610 00:08:30.783"/>
</if>
<kw name="Open Application" library="AppiumLibrary">
<arg>&amp;{appium_config_default}</arg>
<doc>Opens a new application to given Appium server.
Capabilities of appium server, Android and iOS,
Please check https://appium.io/docs/en/2.1/cli/args/
| *Option*            | *Man.* | *Description*     |
| remote_url          | Yes    | Appium server url |
| alias               | no     | alias             |
| strict_ssl          | No     | allows you to send commands to an invalid certificate host like a self-signed one. |</doc>
<status status="PASS" starttime="20240610 00:08:30.783" endtime="20240610 00:08:34.508"/>
</kw>
<status status="PASS" starttime="20240610 00:08:30.781" endtime="20240610 00:08:34.508"/>
</kw>
<kw name="Perform Login" library="base_keywords">
<arg>standard_user</arg>
<arg>secret_sauce</arg>
<kw name="Wait Until Page Contains Element" library="AppiumLibrary">
<arg>${LOGIN_BTN}</arg>
<doc>Waits until element specified with `locator` appears on current page.</doc>
<status status="PASS" starttime="20240610 00:08:34.509" endtime="20240610 00:08:34.630"/>
</kw>
<kw name="Wait Until Page Contains Element" library="AppiumLibrary">
<arg>${USERNAME_FIELD}</arg>
<doc>Waits until element specified with `locator` appears on current page.</doc>
<status status="PASS" starttime="20240610 00:08:34.630" endtime="20240610 00:08:34.704"/>
</kw>
<kw name="Wait Until Page Contains Element" library="AppiumLibrary">
<arg>${PASSWORD_FIELD}</arg>
<doc>Waits until element specified with `locator` appears on current page.</doc>
<status status="PASS" starttime="20240610 00:08:34.704" endtime="20240610 00:08:34.783"/>
</kw>
<kw name="Enter Credentials" library="base_keywords">
<arg>${username}</arg>
<arg>${password}</arg>
<kw name="Wait Until Element Is Interactive" library="base_keywords">
<arg>${USERNAME_FIELD}</arg>
<kw name="Wait Until Page Contains Element" library="AppiumLibrary">
<arg>${locator}</arg>
<doc>Waits until element specified with `locator` appears on current page.</doc>
<status status="PASS" starttime="20240610 00:08:34.783" endtime="20240610 00:08:34.862"/>
</kw>
<kw name="Wait Until Element Is Visible" library="AppiumLibrary">
<arg>${locator}</arg>
<doc>Waits until element specified with `locator` is visible.</doc>
<status status="PASS" starttime="20240610 00:08:34.862" endtime="20240610 00:08:34.988"/>
</kw>
<status status="PASS" starttime="20240610 00:08:34.783" endtime="20240610 00:08:34.988"/>
</kw>
<kw name="Input Text" library="AppiumLibrary">
<arg>${USERNAME_FIELD}</arg>
<arg>${username}</arg>
<doc>Types the given `text` into text field identified by `locator`.</doc>
<msg timestamp="20240610 00:08:34.989" level="INFO">Typing text 'standard_user' into text field 'accessibility_id=test-Username'</msg>
<status status="PASS" starttime="20240610 00:08:34.988" endtime="20240610 00:08:36.493"/>
</kw>
<kw name="Input Text" library="AppiumLibrary">
<arg>${PASSWORD_FIELD}</arg>
<arg>${password}</arg>
<doc>Types the given `text` into text field identified by `locator`.</doc>
<msg timestamp="20240610 00:08:36.495" level="INFO">Typing text 'secret_sauce' into text field 'accessibility_id=test-Password'</msg>
<status status="PASS" starttime="20240610 00:08:36.494" endtime="20240610 00:08:37.509"/>
</kw>
<kw name="Click Element" library="AppiumLibrary">
<arg>${LOGIN_BTN}</arg>
<doc>Click element identified by `locator`.</doc>
<msg timestamp="20240610 00:08:37.510" level="INFO">Clicking element 'accessibility_id=test-LOGIN'.</msg>
<status status="PASS" starttime="20240610 00:08:37.509" endtime="20240610 00:08:38.494"/>
</kw>
<status status="PASS" starttime="20240610 00:08:34.783" endtime="20240610 00:08:38.494"/>
</kw>
<status status="PASS" starttime="20240610 00:08:34.509" endtime="20240610 00:08:38.494"/>
</kw>
<kw name="Home Page Should Be Open" library="base_keywords">
<kw name="Wait Until Element Is Interactive" library="base_keywords">
<arg>${HAMBURGUER_MENU}</arg>
<kw name="Wait Until Page Contains Element" library="AppiumLibrary">
<arg>${locator}</arg>
<doc>Waits until element specified with `locator` appears on current page.</doc>
<status status="PASS" starttime="20240610 00:08:38.495" endtime="20240610 00:08:38.687"/>
</kw>
<kw name="Wait Until Element Is Visible" library="AppiumLibrary">
<arg>${locator}</arg>
<doc>Waits until element specified with `locator` is visible.</doc>
<status status="PASS" starttime="20240610 00:08:38.687" endtime="20240610 00:08:38.993"/>
</kw>
<status status="PASS" starttime="20240610 00:08:38.494" endtime="20240610 00:08:38.993"/>
</kw>
<kw name="Wait Until Element Is Interactive" library="base_keywords">
<arg>${CART_MENU}</arg>
<kw name="Wait Until Page Contains Element" library="AppiumLibrary">
<arg>${locator}</arg>
<doc>Waits until element specified with `locator` appears on current page.</doc>
<status status="PASS" starttime="20240610 00:08:38.994" endtime="20240610 00:08:39.201"/>
</kw>
<kw name="Wait Until Element Is Visible" library="AppiumLibrary">
<arg>${locator}</arg>
<doc>Waits until element specified with `locator` is visible.</doc>
<status status="PASS" starttime="20240610 00:08:39.201" endtime="20240610 00:08:39.497"/>
</kw>
<status status="PASS" starttime="20240610 00:08:38.993" endtime="20240610 00:08:39.497"/>
</kw>
<status status="PASS" starttime="20240610 00:08:38.494" endtime="20240610 00:08:39.497"/>
</kw>
<kw name="Filter Products" library="base_keywords">
<arg>filer_type=Price (low to high)</arg>
<kw name="Wait Until Element Is Interactive" library="base_keywords">
<arg>accessibility_id=test-Modal Selector Button</arg>
<kw name="Wait Until Page Contains Element" library="AppiumLibrary">
<arg>${locator}</arg>
<doc>Waits until element specified with `locator` appears on current page.</doc>
<status status="PASS" starttime="20240610 00:08:39.497" endtime="20240610 00:08:39.690"/>
</kw>
<kw name="Wait Until Element Is Visible" library="AppiumLibrary">
<arg>${locator}</arg>
<doc>Waits until element specified with `locator` is visible.</doc>
<status status="PASS" starttime="20240610 00:08:39.690" endtime="20240610 00:08:39.985"/>
</kw>
<status status="PASS" starttime="20240610 00:08:39.497" endtime="20240610 00:08:39.985"/>
</kw>
<kw name="Click Element" library="AppiumLibrary">
<arg>accessibility_id=test-Modal Selector Button</arg>
<doc>Click element identified by `locator`.</doc>
<msg timestamp="20240610 00:08:39.987" level="INFO">Clicking element 'accessibility_id=test-Modal Selector Button'.</msg>
<status status="PASS" starttime="20240610 00:08:39.985" endtime="20240610 00:08:40.993"/>
</kw>
<kw name="Wait Until Element Is Visible" library="AppiumLibrary">
<arg>accessibility_id=${filer_type}</arg>
<arg>timeout=5</arg>
<doc>Waits until element specified with `locator` is visible.</doc>
<status status="PASS" starttime="20240610 00:08:40.993" endtime="20240610 00:08:41.327"/>
</kw>
<kw name="Click Element" library="AppiumLibrary">
<arg>accessibility_id=${filer_type}</arg>
<doc>Click element identified by `locator`.</doc>
<msg timestamp="20240610 00:08:41.329" level="INFO">Clicking element 'accessibility_id=Price (low to high)'.</msg>
<status status="PASS" starttime="20240610 00:08:41.328" endtime="20240610 00:08:42.337"/>
</kw>
<status status="PASS" starttime="20240610 00:08:39.497" endtime="20240610 00:08:42.337"/>
</kw>
<kw name="Products Should Be Filtered" library="base_keywords">
<arg>filer_type=Price (low to high)</arg>
<kw name="Page Should Not Contain Element" library="AppiumLibrary">
<arg>accessibility_id=${filer_type}</arg>
<doc>Verifies that current page not contains `locator` element.</doc>
<msg timestamp="20240610 00:08:42.453" level="INFO">Current page not contains element 'accessibility_id=Price (low to high)'.</msg>
<status status="PASS" starttime="20240610 00:08:42.337" endtime="20240610 00:08:42.453"/>
</kw>
<if>
<branch type="IF" condition="&quot;${filer_type}&quot; == &quot;Price (low to high)&quot;">
<kw name="Wait Until Element Is Visible" library="AppiumLibrary">
<arg>accessibility_id=assets/src/img/red-onesie.jpg</arg>
<arg>timeout=5</arg>
<doc>Waits until element specified with `locator` is visible.</doc>
<status status="PASS" starttime="20240610 00:08:42.453" endtime="20240610 00:08:42.770"/>
</kw>
<status status="PASS" starttime="20240610 00:08:42.453" endtime="20240610 00:08:42.770"/>
</branch>
<branch type="ELSE IF" condition="&quot;${filer_type}&quot; == &quot;Price (high to low)&quot;">
<kw name="No Operation" library="BuiltIn">
<doc>Does absolutely nothing.</doc>
<status status="NOT RUN" starttime="20240610 00:08:42.770" endtime="20240610 00:08:42.770"/>
</kw>
<status status="NOT RUN" starttime="20240610 00:08:42.770" endtime="20240610 00:08:42.770"/>
</branch>
<branch type="ELSE IF" condition="&quot;${filer_type}&quot; == &quot;Name (A to Z)&quot;">
<kw name="No Operation" library="BuiltIn">
<doc>Does absolutely nothing.</doc>
<status status="NOT RUN" starttime="20240610 00:08:42.771" endtime="20240610 00:08:42.771"/>
</kw>
<status status="NOT RUN" starttime="20240610 00:08:42.770" endtime="20240610 00:08:42.771"/>
</branch>
<branch type="ELSE IF" condition="&quot;${filer_type}&quot; == &quot;Name (Z to A)&quot;">
<kw name="No Operation" library="BuiltIn">
<doc>Does absolutely nothing.</doc>
<status status="NOT RUN" starttime="20240610 00:08:42.771" endtime="20240610 00:08:42.771"/>
</kw>
<status status="NOT RUN" starttime="20240610 00:08:42.771" endtime="20240610 00:08:42.771"/>
</branch>
<branch type="ELSE">
<kw name="Fail" library="BuiltIn">
<arg>The filter ${filer_type} is not supported</arg>
<doc>Fails the test with the given message and optionally alters its tags.</doc>
<status status="NOT RUN" starttime="20240610 00:08:42.771" endtime="20240610 00:08:42.771"/>
</kw>
<status status="NOT RUN" starttime="20240610 00:08:42.771" endtime="20240610 00:08:42.771"/>
</branch>
<status status="PASS" starttime="20240610 00:08:42.453" endtime="20240610 00:08:42.771"/>
</if>
<status status="PASS" starttime="20240610 00:08:42.337" endtime="20240610 00:08:42.771"/>
</kw>
<kw name="After Tests" library="base_keywords" type="TEARDOWN">
<kw name="Close Application" library="AppiumLibrary">
<doc>Closes the current application and also close webdriver session.</doc>
<status status="PASS" starttime="20240610 00:08:42.771" endtime="20240610 00:08:42.794"/>
</kw>
<status status="PASS" starttime="20240610 00:08:42.771" endtime="20240610 00:08:42.794"/>
</kw>
<tag>filter_products</tag>
<status status="PASS" starttime="20240610 00:08:30.781" endtime="20240610 00:08:42.794"/>
</test>
<status status="PASS" starttime="20240610 00:08:30.684" endtime="20240610 00:08:42.795"/>
</suite>
<statistics>
<total>
<stat pass="1" fail="0" skip="0">All Tests</stat>
</total>
<tag>
<stat pass="1" fail="0" skip="0">filter_products</stat>
</tag>
<suite>
<stat pass="1" fail="0" skip="0" id="s1" name="Filter Products">Filter Products</stat>
</suite>
</statistics>
<errors>
</errors>
</robot>
